<?xml version="1.0" encoding="UTF-8"?>
<!-- Generated by org.testng.reporters.JUnitXMLReporter -->
<testsuite ignored="0" hostname="DEL1-PWDPC-378" failures="1" tests="3" name="Test" time="30.342" errors="0" timestamp="2022-06-22T12:54:53 IST">
  <testcase classname="Canvas.Shutterbug_IMG_Comparision.shutterbug_img_comparision" name="takeScreenshot" time="12.245"/>
  <testcase classname="Canvas.Shutterbug_IMG_Comparision.shutterbug_img_comparision" name="compareImageFalse" time="6.344">
    <failure type="com.assertthat.selenium_shutterbug.utils.image.UnableToCompareImagesException" message="Images dimensions mismatch: image1 - 146x47; image2 - 165x34">
      <![CDATA[com.assertthat.selenium_shutterbug.utils.image.UnableToCompareImagesException: Images dimensions mismatch: image1 - 146x47; image2 - 165x34
at com.assertthat.selenium_shutterbug.utils.image.ImageProcessor.imagesAreEquals(ImageProcessor.java:122)
at com.assertthat.selenium_shutterbug.core.Snapshot.equals(Snapshot.java:290)
at Canvas.Shutterbug_IMG_Comparision.shutterbug_img_comparision.compareImageFalse(shutterbug_img_comparision.java:64)
at java.base/java.util.ArrayList.forEach(ArrayList.java:1511)
... Removed 27 stack frames]]>
    </failure>
  </testcase> <!-- compareImageFalse -->
  <testcase classname="Canvas.Shutterbug_IMG_Comparision.shutterbug_img_comparision" name="compareImageTrue" time="11.715"/>
</testsuite> <!-- Test -->
