<?xml version="1.0" encoding="UTF-8"?>
<testng-results ignored="0" total="3" passed="2" failed="1" skipped="0">
  <reporter-output>
  </reporter-output>
  <suite started-at="2022-06-22T12:54:23 IST" name="Suite" finished-at="2022-06-22T12:54:53 IST" duration-ms="30342">
    <groups>
    </groups>
    <test started-at="2022-06-22T12:54:23 IST" name="Test" finished-at="2022-06-22T12:54:53 IST" duration-ms="30342">
      <class name="Canvas.Shutterbug_IMG_Comparision.shutterbug_img_comparision">
        <test-method signature="takeScreenshot()[pri:0, instance:Canvas.Shutterbug_IMG_Comparision.shutterbug_img_comparision@51e69659]" started-at="2022-06-22T12:54:23 IST" name="takeScreenshot" finished-at="2022-06-22T12:54:35 IST" duration-ms="12245" status="PASS">
          <reporter-output>
          </reporter-output>
        </test-method> <!-- takeScreenshot -->
        <test-method signature="compareImageFalse()[pri:1, instance:Canvas.Shutterbug_IMG_Comparision.shutterbug_img_comparision@51e69659]" started-at="2022-06-22T12:54:35 IST" name="compareImageFalse" finished-at="2022-06-22T12:54:41 IST" duration-ms="6344" status="FAIL">
          <exception class="com.assertthat.selenium_shutterbug.utils.image.UnableToCompareImagesException">
            <message>
              <![CDATA[Images dimensions mismatch: image1 - 146x47; image2 - 165x34]]>
            </message>
            <full-stacktrace>
              <![CDATA[com.assertthat.selenium_shutterbug.utils.image.UnableToCompareImagesException: Images dimensions mismatch: image1 - 146x47; image2 - 165x34
at com.assertthat.selenium_shutterbug.utils.image.ImageProcessor.imagesAreEquals(ImageProcessor.java:122)
at com.assertthat.selenium_shutterbug.core.Snapshot.equals(Snapshot.java:290)
at Canvas.Shutterbug_IMG_Comparision.shutterbug_img_comparision.compareImageFalse(shutterbug_img_comparision.java:64)
at java.base/jdk.internal.reflect.NativeMethodAccessorImpl.invoke0(Native Method)
at java.base/jdk.internal.reflect.NativeMethodAccessorImpl.invoke(NativeMethodAccessorImpl.java:77)
at java.base/jdk.internal.reflect.DelegatingMethodAccessorImpl.invoke(DelegatingMethodAccessorImpl.java:43)
at java.base/java.lang.reflect.Method.invoke(Method.java:568)
at org.testng.internal.invokers.MethodInvocationHelper.invokeMethod(MethodInvocationHelper.java:139)
at org.testng.internal.invokers.TestInvoker.invokeMethod(TestInvoker.java:677)
at org.testng.internal.invokers.TestInvoker.invokeTestMethod(TestInvoker.java:221)
at org.testng.internal.invokers.MethodRunner.runInSequence(MethodRunner.java:50)
at org.testng.internal.invokers.TestInvoker$MethodInvocationAgent.invoke(TestInvoker.java:962)
at org.testng.internal.invokers.TestInvoker.invokeTestMethods(TestInvoker.java:194)
at org.testng.internal.invokers.TestMethodWorker.invokeTestMethods(TestMethodWorker.java:148)
at org.testng.internal.invokers.TestMethodWorker.run(TestMethodWorker.java:128)
at java.base/java.util.ArrayList.forEach(ArrayList.java:1511)
at org.testng.TestRunner.privateRun(TestRunner.java:806)
at org.testng.TestRunner.run(TestRunner.java:601)
at org.testng.SuiteRunner.runTest(SuiteRunner.java:433)
at org.testng.SuiteRunner.runSequentially(SuiteRunner.java:427)
at org.testng.SuiteRunner.privateRun(SuiteRunner.java:387)
at org.testng.SuiteRunner.run(SuiteRunner.java:330)
at org.testng.SuiteRunnerWorker.runSuite(SuiteRunnerWorker.java:52)
at org.testng.SuiteRunnerWorker.run(SuiteRunnerWorker.java:95)
at org.testng.TestNG.runSuitesSequentially(TestNG.java:1256)
at org.testng.TestNG.runSuitesLocally(TestNG.java:1176)
at org.testng.TestNG.runSuites(TestNG.java:1099)
at org.testng.TestNG.run(TestNG.java:1067)
at org.testng.remote.AbstractRemoteTestNG.run(AbstractRemoteTestNG.java:115)
at org.testng.remote.RemoteTestNG.initAndRun(RemoteTestNG.java:251)
at org.testng.remote.RemoteTestNG.main(RemoteTestNG.java:77)
]]>
            </full-stacktrace>
          </exception> <!-- com.assertthat.selenium_shutterbug.utils.image.UnableToCompareImagesException -->
          <reporter-output>
          </reporter-output>
        </test-method> <!-- compareImageFalse -->
        <test-method signature="compareImageTrue()[pri:2, instance:Canvas.Shutterbug_IMG_Comparision.shutterbug_img_comparision@51e69659]" started-at="2022-06-22T12:54:41 IST" name="compareImageTrue" finished-at="2022-06-22T12:54:53 IST" duration-ms="11715" status="PASS">
          <reporter-output>
          </reporter-output>
        </test-method> <!-- compareImageTrue -->
      </class> <!-- Canvas.Shutterbug_IMG_Comparision.shutterbug_img_comparision -->
    </test> <!-- Test -->
  </suite> <!-- Suite -->
</testng-results>
