<?xml version="1.0" encoding="UTF-8"?>
<!-- Generated by org.testng.reporters.JUnitXMLReporter -->
<testsuite ignored="0" hostname="DEL1-PWDPC-378" failures="0" tests="6" name="Surefire test" time="0.025" errors="0" timestamp="2022-04-13T14:39:52 IST">
  <testcase classname="Automation_practice.selenium_practice.appiumTest" name="appiumTestCase1" time="0.003"/>
  <testcase classname="Automation_practice.selenium_practice.appiumTest" name="appiumTestCase2" time="0.0"/>
  <testcase classname="Automation_practice.selenium_practice.restassuredTest" name="restassuredTestCase1" time="0.0"/>
  <testcase classname="Automation_practice.selenium_practice.restassuredTest" name="restassuredTestCase2" time="0.0"/>
  <testcase classname="Automation_practice.selenium_practice.seleniumTest" name="seleniumTestCase1" time="0.001"/>
  <testcase classname="Automation_practice.selenium_practice.seleniumTest" name="seleniumTestCase2" time="0.0"/>
</testsuite> <!-- Surefire test -->
