<?xml version="1.0" encoding="UTF-8"?>
<testng-results ignored="0" total="1" passed="1" failed="0" skipped="0">
  <reporter-output>
  </reporter-output>
  <suite started-at="2022-08-01T14:26:08 IST" name="Suite" finished-at="2022-08-01T14:26:25 IST" duration-ms="16982">
    <groups>
    </groups>
    <test started-at="2022-08-01T14:26:08 IST" name="Test" finished-at="2022-08-01T14:26:25 IST" duration-ms="16982">
      <class name="Seliniumdemo.Seliniumdemo.subTopics">
        <test-method signature="runtest()[pri:0, instance:Seliniumdemo.Seliniumdemo.subTopics@485966cc]" started-at="2022-08-01T14:26:08 IST" name="runtest" finished-at="2022-08-01T14:26:25 IST" duration-ms="16948" status="PASS">
          <reporter-output>
          </reporter-output>
        </test-method> <!-- runtest -->
      </class> <!-- Seliniumdemo.Seliniumdemo.subTopics -->
    </test> <!-- Test -->
  </suite> <!-- Suite -->
</testng-results>
