<?xml version="1.0" encoding="UTF-8"?>
<testsuite xmlns:xsi="http://www.w3.org/2001/XMLSchema-instance" xsi:noNamespaceSchemaLocation="https://maven.apache.org/surefire/maven-surefire-plugin/xsd/surefire-test-report.xsd" name="cucumberOptions.TestRunner" time="0.325" tests="5" errors="2" skipped="3" failures="0">
  <properties>
[...]
</properties>
  <testcase name="Given User is on landing page" classname="Scenario: Home page default login" time="0.004">
    <error type="java.lang.ExceptionInInitializerError">java.lang.ExceptionInInitializerError
Caused by: java.lang.reflect.InaccessibleObjectException: Unable to make field private final java.util.Comparator java.util.TreeMap.comparator accessible: module java.base does not "opens java.util" to unnamed module @4fb64261
</error>
  </testcase>
  <testcase name="Scenario: Home page default login" classname="Scenario: Home page default login" time="0.004">
    <error type="java.lang.ExceptionInInitializerError">java.lang.ExceptionInInitializerError
Caused by: java.lang.reflect.InaccessibleObjectException: Unable to make field private final java.util.Comparator java.util.TreeMap.comparator accessible: module java.base does not "opens java.util" to unnamed module @4fb64261
</error>
  </testcase>
  <testcase name="When User login into applicaion with username and password" classname="Scenario: Home page default login" time="0">
    <skipped/>
  </testcase>
  <testcase name="Then Home page is populated" classname="Scenario: Home page default login" time="0">
    <skipped/>
  </testcase>
  <testcase name="And Cards are displayed" classname="Scenario: Home page default login" time="0">
    <skipped/>
  </testcase>
</testsuite>