<?xml version="1.0" encoding="UTF-8"?>
<testng-results ignored="0" total="3" passed="3" failed="0" skipped="0">
  <reporter-output>
  </reporter-output>
  <suite started-at="2022-06-14T19:43:33 IST" name="Suite" finished-at="2022-06-14T19:44:08 IST" duration-ms="34285">
    <groups>
    </groups>
    <test started-at="2022-06-14T19:43:33 IST" name="Test" finished-at="2022-06-14T19:44:08 IST" duration-ms="34285">
      <class name="Canvas.Shutterbug_IMG_Comparision.shutterbug_img_comparision">
        <test-method signature="takeScreenshot()[pri:0, instance:Canvas.Shutterbug_IMG_Comparision.shutterbug_img_comparision@593aaf41]" started-at="2022-06-14T19:43:33 IST" name="takeScreenshot" finished-at="2022-06-14T19:43:45 IST" duration-ms="12048" status="PASS">
          <reporter-output>
          </reporter-output>
        </test-method> <!-- takeScreenshot -->
        <test-method signature="compareImageFalse()[pri:1, instance:Canvas.Shutterbug_IMG_Comparision.shutterbug_img_comparision@593aaf41]" started-at="2022-06-14T19:43:45 IST" name="compareImageFalse" finished-at="2022-06-14T19:43:56 IST" duration-ms="11115" status="PASS">
          <reporter-output>
          </reporter-output>
        </test-method> <!-- compareImageFalse -->
        <test-method signature="compareImageTrue()[pri:2, instance:Canvas.Shutterbug_IMG_Comparision.shutterbug_img_comparision@593aaf41]" started-at="2022-06-14T19:43:56 IST" name="compareImageTrue" finished-at="2022-06-14T19:44:08 IST" duration-ms="11098" status="PASS">
          <reporter-output>
          </reporter-output>
        </test-method> <!-- compareImageTrue -->
      </class> <!-- Canvas.Shutterbug_IMG_Comparision.shutterbug_img_comparision -->
    </test> <!-- Test -->
  </suite> <!-- Suite -->
</testng-results>
