<?xml version="1.0" encoding="UTF-8"?>
<!-- Generated by org.testng.reporters.JUnitXMLReporter -->
<testsuite ignored="0" hostname="DEL1-PWDPC-378" failures="0" tests="3" name="Test" time="34.285" errors="0" timestamp="2022-06-14T19:44:08 IST">
  <testcase classname="Canvas.Shutterbug_IMG_Comparision.shutterbug_img_comparision" name="takeScreenshot" time="12.048"/>
  <testcase classname="Canvas.Shutterbug_IMG_Comparision.shutterbug_img_comparision" name="compareImageFalse" time="11.115"/>
  <testcase classname="Canvas.Shutterbug_IMG_Comparision.shutterbug_img_comparision" name="compareImageTrue" time="11.098"/>
</testsuite> <!-- Test -->
