<?xml version="1.0" encoding="UTF-8"?>
<testng-results ignored="0" total="1" passed="1" failed="0" skipped="0">
  <reporter-output>
  </reporter-output>
  <suite started-at="2022-04-14T14:56:29 IST" name="Suite" finished-at="2022-04-14T14:56:29 IST" duration-ms="417">
    <groups>
    </groups>
    <test started-at="2022-04-14T14:56:29 IST" name="Test" finished-at="2022-04-14T14:56:29 IST" duration-ms="417">
      <class name="Automation_practice.selenium_practice.seleniumTest">
        <test-method is-config="true" signature="config()[pri:0, instance:Automation_practice.selenium_practice.seleniumTest@57cf54e1]" started-at="2022-04-14T14:56:29 IST" name="config" finished-at="2022-04-14T14:56:29 IST" duration-ms="170" status="PASS">
          <reporter-output>
          </reporter-output>
        </test-method> <!-- config -->
        <test-method signature="seleniumTestCase1()[pri:0, instance:Automation_practice.selenium_practice.seleniumTest@57cf54e1]" started-at="2022-04-14T14:56:29 IST" name="seleniumTestCase1" finished-at="2022-04-14T14:56:29 IST" duration-ms="226" status="PASS">
          <reporter-output>
          </reporter-output>
        </test-method> <!-- seleniumTestCase1 -->
      </class> <!-- Automation_practice.selenium_practice.seleniumTest -->
    </test> <!-- Test -->
  </suite> <!-- Suite -->
</testng-results>
